<?xml version="1.0" encoding="UTF-8"?>
<!-- Generated by org.testng.reporters.JUnitReportReporter -->
<testsuite hostname="LAPTOP-58SKVO9H" failures="0" tests="1" name="tests.LoginTest" time="3.898" errors="0" timestamp="2022-11-29T14:21:53 IST" skipped="0">
  <testcase classname="tests.LoginTest" name="login" time="3.898"/>
  <system-out/>
</testsuite> <!-- tests.LoginTest -->
